<?xml version="1.0" encoding="UTF-8"?>
<!-- Generated by org.testng.reporters.JUnitReportReporter -->
<testsuite skipped="0" hostname="LAPTOP-FK5U4VG9" name="com.qa.crm.testpages.FreeCRMLoginPageTest" tests="5" failures="0" timestamp="2020-04-24T22:28:13 IST" time="136.749" errors="0">
  <testcase name="verifyTitleTest" time="21.807" classname="com.qa.crm.testpages.FreeCRMLoginPageTest"/>
  <system-out/>
  <testcase name="fillInValidLoginDetails" time="38.961" classname="com.qa.crm.testpages.FreeCRMLoginPageTest"/>
  <system-out/>
  <testcase name="fillInValidLoginDetails" time="26.702" classname="com.qa.crm.testpages.FreeCRMLoginPageTest"/>
  <system-out/>
  <testcase name="fillInValidLoginDetails" time="23.176" classname="com.qa.crm.testpages.FreeCRMLoginPageTest"/>
  <system-out/>
  <testcase name="fillValidLoginDetails" time="26.103" classname="com.qa.crm.testpages.FreeCRMLoginPageTest"/>
  <system-out/>
</testsuite> <!-- com.qa.crm.testpages.FreeCRMLoginPageTest -->
