<?xml version="1.0" encoding="UTF-8"?>
<!-- Generated by org.testng.reporters.JUnitReportReporter -->
<testsuite skipped="0" hostname="LAPTOP-FK5U4VG9" name="com.qa.crm.testpages.FreeCRMEntryPageTest" tests="1" failures="0" timestamp="2020-04-28T11:43:09 IST" time="15.197" errors="0">
  <testcase name="verifyLogoLink" time="15.197" classname="com.qa.crm.testpages.FreeCRMEntryPageTest"/>
  <system-out/>
</testsuite> <!-- com.qa.crm.testpages.FreeCRMEntryPageTest -->
