<?xml version="1.0" encoding="UTF-8"?>
<!-- Generated by org.testng.reporters.JUnitReportReporter -->
<testsuite skipped="0" hostname="LAPTOP-FK5U4VG9" name="com.qa.crm.testpages.FreeCRMEntryPageTest" tests="1" failures="0" timestamp="2020-04-22T15:50:58 IST" time="10.773" errors="0">
  <testcase name="verifyLogoLink" time="10.773" classname="com.qa.crm.testpages.FreeCRMEntryPageTest"/>
  <system-out/>
</testsuite> <!-- com.qa.crm.testpages.FreeCRMEntryPageTest -->
