<?xml version="1.0" encoding="UTF-8"?>
<!-- Generated by org.testng.reporters.JUnitReportReporter -->
<testsuite skipped="0" hostname="LAPTOP-FK5U4VG9" name="com.qa.crm.testpages.FreeCRMLoginPageTest" tests="5" failures="0" timestamp="2020-04-28T11:43:09 IST" time="125.265" errors="0">
  <testcase name="verifyLoginTitleTest" time="24.011" classname="com.qa.crm.testpages.FreeCRMLoginPageTest"/>
  <system-out/>
  <testcase name="fillInValidLoginDetails" time="27.496" classname="com.qa.crm.testpages.FreeCRMLoginPageTest"/>
  <system-out/>
  <testcase name="fillInValidLoginDetails" time="25.605" classname="com.qa.crm.testpages.FreeCRMLoginPageTest"/>
  <system-out/>
  <testcase name="fillInValidLoginDetails" time="23.938" classname="com.qa.crm.testpages.FreeCRMLoginPageTest"/>
  <system-out/>
  <testcase name="fillValidLoginDetails" time="24.215" classname="com.qa.crm.testpages.FreeCRMLoginPageTest"/>
  <system-out/>
</testsuite> <!-- com.qa.crm.testpages.FreeCRMLoginPageTest -->
