<?xml version="1.0" encoding="UTF-8"?>
<!-- Generated by org.testng.reporters.JUnitReportReporter -->
<testsuite skipped="3" hostname="LAPTOP-FK5U4VG9" name="com.qa.crm.testpages.RegisterPageTest" tests="4" failures="0" timestamp="2020-04-22T13:46:16 IST" time="77.223" errors="1">
  <testcase name="fillRegistrationForm" time="0.000" classname="com.qa.crm.testpages.RegisterPageTest">
    <skipped/>
  </testcase> <!-- fillRegistrationForm -->
  <system-out/>
  <testcase name="setUp" time="77.223" classname="com.qa.crm.testpages.RegisterPageTest">
    <error type="org.openqa.selenium.WebDriverException" message="chrome not reachable
Build info: version: &#039;4.0.0-alpha-1&#039;, revision: &#039;d1d3728cae&#039;, time: &#039;2019-04-24T13:42:21&#039;
System info: host: &#039;LAPTOP-FK5U4VG9&#039;, ip: &#039;192.168.0.100&#039;, os.name: &#039;Windows 10&#039;, os.arch: &#039;amd64&#039;, os.version: &#039;10.0&#039;, java.version: &#039;1.8.0_231&#039;
Driver info: driver.version: ChromeDriver
remote stacktrace: Backtrace:
	Ordinal0 [0x00D65F73+2449267]
	Ordinal0 [0x00C98361+1606497]
	Ordinal0 [0x00B8F812+522258]
	Ordinal0 [0x00B894EA+496874]
	Ordinal0 [0x00B20196+65942]
	Ordinal0 [0x00B1CD92+52626]
	Ordinal0 [0x00B3C127+180519]
	Ordinal0 [0x00B3BF2D+180013]
	Ordinal0 [0x00B39E5B+171611]
	Ordinal0 [0x00B21DD8+73176]
	Ordinal0 [0x00B22E50+77392]
	Ordinal0 [0x00B22DE9+77289]
	Ordinal0 [0x00CAD8D7+1693911]
	GetHandleVerifier [0x00E04036+522726]
	GetHandleVerifier [0x00E03D74+522020]
	GetHandleVerifier [0x00E19187+609079]
	GetHandleVerifier [0x00E048A6+524886]
	Ordinal0 [0x00CA5CBC+1662140]
	Ordinal0 [0x00CAF23B+1700411]
	Ordinal0 [0x00CAF3A3+1700771]
	Ordinal0 [0x00CC5215+1790485]
	BaseThreadInitThunk [0x750B6359+25]
	RtlGetAppContainerNamedObjectPath [0x775D7C14+228]
	RtlGetAppContainerNamedObjectPath [0x775D7BE4+180]
">
      <![CDATA[org.openqa.selenium.WebDriverException: chrome not reachable
Build info: version: '4.0.0-alpha-1', revision: 'd1d3728cae', time: '2019-04-24T13:42:21'
System info: host: 'LAPTOP-FK5U4VG9', ip: '192.168.0.100', os.name: 'Windows 10', os.arch: 'amd64', os.version: '10.0', java.version: '1.8.0_231'
Driver info: driver.version: ChromeDriver
remote stacktrace: Backtrace:
Ordinal0 [0x00D65F73+2449267]
Ordinal0 [0x00C98361+1606497]
Ordinal0 [0x00B8F812+522258]
Ordinal0 [0x00B894EA+496874]
Ordinal0 [0x00B20196+65942]
Ordinal0 [0x00B1CD92+52626]
Ordinal0 [0x00B3C127+180519]
Ordinal0 [0x00B3BF2D+180013]
Ordinal0 [0x00B39E5B+171611]
Ordinal0 [0x00B21DD8+73176]
Ordinal0 [0x00B22E50+77392]
Ordinal0 [0x00B22DE9+77289]
Ordinal0 [0x00CAD8D7+1693911]
GetHandleVerifier [0x00E04036+522726]
GetHandleVerifier [0x00E03D74+522020]
GetHandleVerifier [0x00E19187+609079]
GetHandleVerifier [0x00E048A6+524886]
Ordinal0 [0x00CA5CBC+1662140]
Ordinal0 [0x00CAF23B+1700411]
Ordinal0 [0x00CAF3A3+1700771]
Ordinal0 [0x00CC5215+1790485]
BaseThreadInitThunk [0x750B6359+25]
RtlGetAppContainerNamedObjectPath [0x775D7C14+228]
RtlGetAppContainerNamedObjectPath [0x775D7BE4+180]

at sun.reflect.NativeConstructorAccessorImpl.newInstance0(Native Method)
at sun.reflect.NativeConstructorAccessorImpl.newInstance(NativeConstructorAccessorImpl.java:62)
at sun.reflect.DelegatingConstructorAccessorImpl.newInstance(DelegatingConstructorAccessorImpl.java:45)
at java.lang.reflect.Constructor.newInstance(Constructor.java:423)
at org.openqa.selenium.remote.W3CHandshakeResponse.lambda$errorHandler$0(W3CHandshakeResponse.java:62)
at org.openqa.selenium.remote.HandshakeResponse.lambda$getResponseFunction$0(HandshakeResponse.java:30)
at org.openqa.selenium.remote.ProtocolHandshake.lambda$createSession$0(ProtocolHandshake.java:126)
at java.util.stream.ReferencePipeline$3$1.accept(ReferencePipeline.java:193)
at java.util.Spliterators$ArraySpliterator.tryAdvance(Spliterators.java:958)
at java.util.stream.ReferencePipeline.forEachWithCancel(ReferencePipeline.java:126)
at java.util.stream.AbstractPipeline.copyIntoWithCancel(AbstractPipeline.java:499)
at java.util.stream.AbstractPipeline.copyInto(AbstractPipeline.java:486)
at java.util.stream.AbstractPipeline.wrapAndCopyInto(AbstractPipeline.java:472)
at java.util.stream.FindOps$FindOp.evaluateSequential(FindOps.java:152)
at java.util.stream.AbstractPipeline.evaluate(AbstractPipeline.java:234)
at java.util.stream.ReferencePipeline.findFirst(ReferencePipeline.java:464)
at org.openqa.selenium.remote.ProtocolHandshake.createSession(ProtocolHandshake.java:128)
at org.openqa.selenium.remote.ProtocolHandshake.createSession(ProtocolHandshake.java:74)
at org.openqa.selenium.remote.HttpCommandExecutor.execute(HttpCommandExecutor.java:139)
at org.openqa.selenium.remote.service.DriverCommandExecutor.execute(DriverCommandExecutor.java:83)
at org.openqa.selenium.remote.RemoteWebDriver.execute(RemoteWebDriver.java:577)
at org.openqa.selenium.remote.RemoteWebDriver.startSession(RemoteWebDriver.java:211)
at org.openqa.selenium.remote.RemoteWebDriver.<init>(RemoteWebDriver.java:131)
at org.openqa.selenium.chrome.ChromeDriver.<init>(ChromeDriver.java:189)
at org.openqa.selenium.chrome.ChromeDriver.<init>(ChromeDriver.java:176)
at org.openqa.selenium.chrome.ChromeDriver.<init>(ChromeDriver.java:131)
at com.qa.crm.base.TestBase.initialize(TestBase.java:46)
at com.qa.crm.testpages.RegisterPageTest.setUp(RegisterPageTest.java:36)
at sun.reflect.NativeMethodAccessorImpl.invoke0(Native Method)
at sun.reflect.NativeMethodAccessorImpl.invoke(NativeMethodAccessorImpl.java:62)
at sun.reflect.DelegatingMethodAccessorImpl.invoke(DelegatingMethodAccessorImpl.java:43)
at java.lang.reflect.Method.invoke(Method.java:498)
at org.testng.internal.MethodInvocationHelper.invokeMethod(MethodInvocationHelper.java:134)
at org.testng.internal.MethodInvocationHelper.invokeMethodConsideringTimeout(MethodInvocationHelper.java:63)
at org.testng.internal.ConfigInvoker.invokeConfigurationMethod(ConfigInvoker.java:348)
at org.testng.internal.ConfigInvoker.invokeConfigurations(ConfigInvoker.java:302)
at org.testng.internal.TestInvoker.runConfigMethods(TestInvoker.java:695)
at org.testng.internal.TestInvoker.invokeMethod(TestInvoker.java:523)
at org.testng.internal.TestInvoker.invokeTestMethod(TestInvoker.java:173)
at org.testng.internal.MethodRunner.runInSequence(MethodRunner.java:46)
at org.testng.internal.TestInvoker$MethodInvocationAgent.invoke(TestInvoker.java:816)
at org.testng.internal.TestInvoker.invokeTestMethods(TestInvoker.java:146)
at org.testng.internal.TestMethodWorker.invokeTestMethods(TestMethodWorker.java:146)
at org.testng.internal.TestMethodWorker.run(TestMethodWorker.java:128)
at java.util.ArrayList.forEach(ArrayList.java:1257)
at org.testng.TestRunner.privateRun(TestRunner.java:766)
at org.testng.TestRunner.run(TestRunner.java:587)
at org.testng.SuiteRunner.runTest(SuiteRunner.java:384)
at org.testng.SuiteRunner.runSequentially(SuiteRunner.java:378)
at org.testng.SuiteRunner.privateRun(SuiteRunner.java:337)
at org.testng.SuiteRunner.run(SuiteRunner.java:286)
at org.testng.SuiteRunnerWorker.runSuite(SuiteRunnerWorker.java:53)
at org.testng.SuiteRunnerWorker.run(SuiteRunnerWorker.java:96)
at org.testng.TestNG.runSuitesSequentially(TestNG.java:1187)
at org.testng.TestNG.runSuitesLocally(TestNG.java:1109)
at org.testng.TestNG.runSuites(TestNG.java:1039)
at org.testng.TestNG.run(TestNG.java:1007)
at org.testng.remote.AbstractRemoteTestNG.run(AbstractRemoteTestNG.java:115)
at org.testng.remote.RemoteTestNG.initAndRun(RemoteTestNG.java:251)
at org.testng.remote.RemoteTestNG.main(RemoteTestNG.java:77)
]]>
    </error>
  </testcase> <!-- setUp -->
  <system-out/>
  <testcase name="verifyTitleTest" time="0.000" classname="com.qa.crm.testpages.RegisterPageTest">
    <skipped/>
  </testcase> <!-- verifyTitleTest -->
  <system-out/>
  <testcase name="fillRegistrationForm" time="0.000" classname="com.qa.crm.testpages.RegisterPageTest">
    <skipped/>
  </testcase> <!-- fillRegistrationForm -->
  <system-out/>
</testsuite> <!-- com.qa.crm.testpages.RegisterPageTest -->
